03-Nov-2020 22:04:02.403 INFO [main] org.apache.catalina.startup.VersionLoggerListener.log Server version name:   Apache Tomcat/9.0.39
03-Nov-2020 22:04:02.423 INFO [main] org.apache.catalina.startup.VersionLoggerListener.log Server built:          Oct 6 2020 14:11:46 UTC
03-Nov-2020 22:04:02.425 INFO [main] org.apache.catalina.startup.VersionLoggerListener.log Server version number: 9.0.39.0
03-Nov-2020 22:04:02.427 INFO [main] org.apache.catalina.startup.VersionLoggerListener.log OS Name:               Windows 10
03-Nov-2020 22:04:02.428 INFO [main] org.apache.catalina.startup.VersionLoggerListener.log OS Version:            10.0
03-Nov-2020 22:04:02.429 INFO [main] org.apache.catalina.startup.VersionLoggerListener.log Architecture:          amd64
03-Nov-2020 22:04:02.431 INFO [main] org.apache.catalina.startup.VersionLoggerListener.log Java Home:             C:\Program Files\Java\jdk-13.0.2
03-Nov-2020 22:04:02.437 INFO [main] org.apache.catalina.startup.VersionLoggerListener.log JVM Version:           13.0.2+8
03-Nov-2020 22:04:02.447 INFO [main] org.apache.catalina.startup.VersionLoggerListener.log JVM Vendor:            Oracle Corporation
03-Nov-2020 22:04:02.451 INFO [main] org.apache.catalina.startup.VersionLoggerListener.log CATALINA_BASE:         C:\Users\skothuri\Desktop\springboot\TomcatServer\apache-tomcat-9.0.39-windows-x64\apache-tomcat-9.0.39
03-Nov-2020 22:04:02.454 INFO [main] org.apache.catalina.startup.VersionLoggerListener.log CATALINA_HOME:         C:\Users\skothuri\Desktop\springboot\TomcatServer\apache-tomcat-9.0.39-windows-x64\apache-tomcat-9.0.39
03-Nov-2020 22:04:02.552 INFO [main] org.apache.catalina.startup.VersionLoggerListener.log Command line argument: --add-opens=java.base/java.lang=ALL-UNNAMED
03-Nov-2020 22:04:02.554 INFO [main] org.apache.catalina.startup.VersionLoggerListener.log Command line argument: --add-opens=java.base/java.io=ALL-UNNAMED
03-Nov-2020 22:04:02.555 INFO [main] org.apache.catalina.startup.VersionLoggerListener.log Command line argument: --add-opens=java.rmi/sun.rmi.transport=ALL-UNNAMED
03-Nov-2020 22:04:02.557 INFO [main] org.apache.catalina.startup.VersionLoggerListener.log Command line argument: -Djava.util.logging.config.file=C:\Users\skothuri\Desktop\springboot\TomcatServer\apache-tomcat-9.0.39-windows-x64\apache-tomcat-9.0.39\conf\logging.properties
03-Nov-2020 22:04:02.559 INFO [main] org.apache.catalina.startup.VersionLoggerListener.log Command line argument: -Djava.util.logging.manager=org.apache.juli.ClassLoaderLogManager
03-Nov-2020 22:04:02.563 INFO [main] org.apache.catalina.startup.VersionLoggerListener.log Command line argument: -Djdk.tls.ephemeralDHKeySize=2048
03-Nov-2020 22:04:02.565 INFO [main] org.apache.catalina.startup.VersionLoggerListener.log Command line argument: -Djava.protocol.handler.pkgs=org.apache.catalina.webresources
03-Nov-2020 22:04:02.573 INFO [main] org.apache.catalina.startup.VersionLoggerListener.log Command line argument: -Dignore.endorsed.dirs=
03-Nov-2020 22:04:02.578 INFO [main] org.apache.catalina.startup.VersionLoggerListener.log Command line argument: -Dcatalina.base=C:\Users\skothuri\Desktop\springboot\TomcatServer\apache-tomcat-9.0.39-windows-x64\apache-tomcat-9.0.39
03-Nov-2020 22:04:02.581 INFO [main] org.apache.catalina.startup.VersionLoggerListener.log Command line argument: -Dcatalina.home=C:\Users\skothuri\Desktop\springboot\TomcatServer\apache-tomcat-9.0.39-windows-x64\apache-tomcat-9.0.39
03-Nov-2020 22:04:02.584 INFO [main] org.apache.catalina.startup.VersionLoggerListener.log Command line argument: -Djava.io.tmpdir=C:\Users\skothuri\Desktop\springboot\TomcatServer\apache-tomcat-9.0.39-windows-x64\apache-tomcat-9.0.39\temp
03-Nov-2020 22:04:04.051 INFO [main] org.apache.catalina.core.AprLifecycleListener.lifecycleEvent Loaded Apache Tomcat Native library [1.2.25] using APR version [1.7.0].
03-Nov-2020 22:04:04.052 INFO [main] org.apache.catalina.core.AprLifecycleListener.lifecycleEvent APR capabilities: IPv6 [true], sendfile [true], accept filters [false], random [true].
03-Nov-2020 22:04:04.058 INFO [main] org.apache.catalina.core.AprLifecycleListener.lifecycleEvent APR/OpenSSL configuration: useAprConnector [false], useOpenSSL [true]
03-Nov-2020 22:04:04.119 INFO [main] org.apache.catalina.core.AprLifecycleListener.initializeSSL OpenSSL successfully initialized [OpenSSL 1.1.1g  21 Apr 2020]
03-Nov-2020 22:04:06.050 INFO [main] org.apache.coyote.AbstractProtocol.init Initializing ProtocolHandler ["http-nio-8080"]
03-Nov-2020 22:04:11.972 INFO [main] org.apache.catalina.startup.Catalina.load Server initialization in [10936] milliseconds
03-Nov-2020 22:04:12.253 INFO [main] org.apache.catalina.core.StandardService.startInternal Starting service [Catalina]
03-Nov-2020 22:04:12.260 INFO [main] org.apache.catalina.core.StandardEngine.startInternal Starting Servlet engine: [Apache Tomcat/9.0.39]
03-Nov-2020 22:04:12.387 INFO [main] org.apache.catalina.startup.HostConfig.deployWAR Deploying web application archive [C:\Users\skothuri\Desktop\springboot\TomcatServer\apache-tomcat-9.0.39-windows-x64\apache-tomcat-9.0.39\webapps\SpringBootHelloApp-1.0-SNAPSHOT.war]
03-Nov-2020 22:04:30.276 INFO [main] org.apache.jasper.servlet.TldScanner.scanJars At least one JAR was scanned for TLDs yet contained no TLDs. Enable debug logging for this logger for a complete list of JARs that were scanned but no TLDs were found in them. Skipping unneeded JARs during scanning can improve startup time and JSP compilation time.
03-Nov-2020 22:04:58.175 WARNING [main] org.apache.catalina.util.SessionIdGeneratorBase.createSecureRandom Creation of SecureRandom instance for session ID generation using [SHA1PRNG] took [2,771] milliseconds.
03-Nov-2020 22:04:58.316 INFO [main] org.apache.catalina.startup.HostConfig.deployWAR Deployment of web application archive [C:\Users\skothuri\Desktop\springboot\TomcatServer\apache-tomcat-9.0.39-windows-x64\apache-tomcat-9.0.39\webapps\SpringBootHelloApp-1.0-SNAPSHOT.war] has finished in [45,929] ms
03-Nov-2020 22:04:58.338 INFO [main] org.apache.catalina.startup.HostConfig.deployDirectory Deploying web application directory [C:\Users\skothuri\Desktop\springboot\TomcatServer\apache-tomcat-9.0.39-windows-x64\apache-tomcat-9.0.39\webapps\docs]
03-Nov-2020 22:04:58.602 INFO [main] org.apache.catalina.startup.HostConfig.deployDirectory Deployment of web application directory [C:\Users\skothuri\Desktop\springboot\TomcatServer\apache-tomcat-9.0.39-windows-x64\apache-tomcat-9.0.39\webapps\docs] has finished in [263] ms
03-Nov-2020 22:04:58.605 INFO [main] org.apache.catalina.startup.HostConfig.deployDirectory Deploying web application directory [C:\Users\skothuri\Desktop\springboot\TomcatServer\apache-tomcat-9.0.39-windows-x64\apache-tomcat-9.0.39\webapps\examples]
03-Nov-2020 22:05:02.587 INFO [main] org.apache.catalina.startup.HostConfig.deployDirectory Deployment of web application directory [C:\Users\skothuri\Desktop\springboot\TomcatServer\apache-tomcat-9.0.39-windows-x64\apache-tomcat-9.0.39\webapps\examples] has finished in [3,982] ms
03-Nov-2020 22:05:02.589 INFO [main] org.apache.catalina.startup.HostConfig.deployDirectory Deploying web application directory [C:\Users\skothuri\Desktop\springboot\TomcatServer\apache-tomcat-9.0.39-windows-x64\apache-tomcat-9.0.39\webapps\host-manager]
03-Nov-2020 22:05:02.870 INFO [main] org.apache.catalina.startup.HostConfig.deployDirectory Deployment of web application directory [C:\Users\skothuri\Desktop\springboot\TomcatServer\apache-tomcat-9.0.39-windows-x64\apache-tomcat-9.0.39\webapps\host-manager] has finished in [280] ms
03-Nov-2020 22:05:02.873 INFO [main] org.apache.catalina.startup.HostConfig.deployDirectory Deploying web application directory [C:\Users\skothuri\Desktop\springboot\TomcatServer\apache-tomcat-9.0.39-windows-x64\apache-tomcat-9.0.39\webapps\manager]
03-Nov-2020 22:05:03.164 INFO [main] org.apache.catalina.startup.HostConfig.deployDirectory Deployment of web application directory [C:\Users\skothuri\Desktop\springboot\TomcatServer\apache-tomcat-9.0.39-windows-x64\apache-tomcat-9.0.39\webapps\manager] has finished in [290] ms
03-Nov-2020 22:05:03.170 INFO [main] org.apache.catalina.startup.HostConfig.deployDirectory Deploying web application directory [C:\Users\skothuri\Desktop\springboot\TomcatServer\apache-tomcat-9.0.39-windows-x64\apache-tomcat-9.0.39\webapps\ROOT]
03-Nov-2020 22:05:03.458 INFO [main] org.apache.catalina.startup.HostConfig.deployDirectory Deployment of web application directory [C:\Users\skothuri\Desktop\springboot\TomcatServer\apache-tomcat-9.0.39-windows-x64\apache-tomcat-9.0.39\webapps\ROOT] has finished in [288] ms
03-Nov-2020 22:05:03.489 INFO [main] org.apache.coyote.AbstractProtocol.start Starting ProtocolHandler ["http-nio-8080"]
03-Nov-2020 22:05:03.579 INFO [main] org.apache.catalina.startup.Catalina.start Server startup in [51599] milliseconds
